<?xml version="1.0" encoding="UTF-8"?>
<Site BuildName="(empty)"
	BuildStamp="20240904-1931-Experimental"
	Name="(empty)"
	Generator="ctest-3.22.1"
	CompilerName=""
	CompilerVersion=""
	OSName="Linux"
	Hostname="pop-os"
	OSRelease="6.9.3-76060903-generic"
	OSVersion="#202405300957~1721174657~22.04~abb7c06 SMP PREEMPT_DYNAMIC Wed J"
	OSPlatform="x86_64"
	Is64Bits="1"
	VendorString="GenuineIntel"
	VendorID="Intel Corporation"
	FamilyID="6"
	ModelID="154"
	ProcessorCacheSize="12288"
	NumberOfLogicalCPU="12"
	NumberOfPhysicalCPU="8"
	TotalVirtualMemory="15835"
	TotalPhysicalMemory="7644"
	LogicalProcessorsPerPhysical="1"
	ProcessorClockFrequency="4099.94"
	>
	<Testing>
		<StartDateTime>Sep 04 16:31 -03</StartDateTime>
		<StartTestTime>1725478299</StartTestTime>
		<TestList/>
		<EndDateTime>Sep 04 16:31 -03</EndDateTime>
		<EndTestTime>1725478299</EndTestTime>
		<ElapsedMinutes>0</ElapsedMinutes>
	</Testing>
</Site>
