<?xml version="1.0" encoding="UTF-8"?>
<Site BuildName="(empty)"
	BuildStamp="20240829-1747-Experimental"
	Name="(empty)"
	Generator="ctest-3.22.1"
	CompilerName=""
	CompilerVersion=""
	OSName="Linux"
	Hostname="pop-os"
	OSRelease="6.9.3-76060903-generic"
	OSVersion="#202405300957~1721174657~22.04~abb7c06 SMP PREEMPT_DYNAMIC Wed J"
	OSPlatform="x86_64"
	Is64Bits="1"
	VendorString="GenuineIntel"
	VendorID="Intel Corporation"
	FamilyID="6"
	ModelID="154"
	ProcessorCacheSize="12288"
	NumberOfLogicalCPU="12"
	NumberOfPhysicalCPU="8"
	TotalVirtualMemory="15835"
	TotalPhysicalMemory="7644"
	LogicalProcessorsPerPhysical="1"
	ProcessorClockFrequency="3353.16"
	>
	<Testing>
		<StartDateTime>Aug 29 14:47 -03</StartDateTime>
		<StartTestTime>1724953649</StartTestTime>
		<TestList/>
		<EndDateTime>Aug 29 14:47 -03</EndDateTime>
		<EndTestTime>1724953649</EndTestTime>
		<ElapsedMinutes>0</ElapsedMinutes>
	</Testing>
</Site>
