Start testing: Aug 26 16:19 -03
----------------------------------------------------------
1/1 Testing: modwt_den
1/1 Test: modwt_den
Command: "/usr/bin/test"
Directory: /home/matheus/dev/modwt_denoising/goldem_model/build
"modwt_den" start time: Aug 26 16:19 -03
Output:
----------------------------------------------------------
<end of output>
Test time =   0.00 sec
----------------------------------------------------------
Test Failed.
"modwt_den" end time: Aug 26 16:19 -03
"modwt_den" time elapsed: 00:00:00
----------------------------------------------------------

End testing: Aug 26 16:19 -03
